<?xml version="1.0" encoding="UTF-8"?>
<!-- Generated by org.testng.reporters.JUnitReportReporter -->
<testsuite hostname="DESKTOP-032RF4C" failures="0" tests="1" name="com.salesforce.common.test.Leads" time="13.391" errors="0" timestamp="2022-05-13T00:06:47 PDT" skipped="0">
  <testcase classname="com.salesforce.common.test.Leads" name="T24" time="13.391"/>
  <system-out/>
</testsuite> <!-- com.salesforce.common.test.Leads -->
