<?xml version="1.0" encoding="UTF-8"?>
<!-- Generated by org.testng.reporters.JUnitReportReporter -->
<testsuite hostname="DESKTOP-032RF4C" failures="0" tests="1" name="com.salesforce.common.test.CreateOpty" time="11.140" errors="0" timestamp="2022-05-12T22:37:15 PDT" skipped="0">
  <testcase classname="com.salesforce.common.test.CreateOpty" name="TC19" time="11.140"/>
  <system-out/>
</testsuite> <!-- com.salesforce.common.test.CreateOpty -->
