<?xml version="1.0" encoding="UTF-8"?>
<!-- Generated by org.testng.reporters.JUnitReportReporter -->
<testsuite hostname="DESKTOP-032RF4C" failures="0" tests="1" name="com.salesforce.test.SFautomationScript" time="10.018" errors="0" timestamp="2022-05-17T21:31:44 PDT" skipped="0">
  <testcase classname="com.salesforce.test.SFautomationScript" name="TC07" time="10.018"/>
  <system-out/>
</testsuite> <!-- com.salesforce.test.SFautomationScript -->
