<?xml version="1.0" encoding="UTF-8"?>
<!-- Generated by org.testng.reporters.JUnitReportReporter -->
<testsuite hostname="DESKTOP-032RF4C" failures="0" tests="1" name="com.salesforce.common.test.RandomScenarios" time="24.706" errors="0" timestamp="2022-05-16T22:45:45 PDT" skipped="0">
  <testcase classname="com.salesforce.common.test.RandomScenarios" name="TC36" time="24.706"/>
  <system-out/>
</testsuite> <!-- com.salesforce.common.test.RandomScenarios -->
