<?xml version="1.0" encoding="UTF-8"?>
<!-- Generated by org.testng.reporters.JUnitReportReporter -->
<testsuite hostname="DESKTOP-032RF4C" failures="0" tests="1" name="com.salesforce.common.test.SFDCLogin" time="3.688" errors="0" timestamp="2022-05-10T16:17:20 PDT" skipped="0">
  <testcase classname="com.salesforce.common.test.SFDCLogin" name="TC04B" time="3.688"/>
  <system-out/>
</testsuite> <!-- com.salesforce.common.test.SFDCLogin -->
